<?xml version="1.0" encoding="UTF-8"?>
<Site BuildName="(empty)"
	BuildStamp="20260228-1953-Experimental"
	Name="bc-HP-EliteBook-840-G5"
	Generator="ctest-3.28.3"
	CompilerName="/usr/bin/g++"
	CompilerVersion="13.3.0"
	OSName="Linux"
	Hostname="bc-HP-EliteBook-840-G5"
	OSRelease="6.17.0-14-generic"
	OSVersion="#14~24.04.1-Ubuntu SMP PREEMPT_DYNAMIC Thu Jan 15 15:52:10 UTC 2"
	OSPlatform="x86_64"
	Is64Bits="1"
	VendorString="GenuineIntel"
	VendorID="Intel Corporation"
	FamilyID="6"
	ModelID="142"
	ProcessorCacheSize="6144"
	NumberOfLogicalCPU="8"
	NumberOfPhysicalCPU="4"
	TotalVirtualMemory="4095"
	TotalPhysicalMemory="7784"
	LogicalProcessorsPerPhysical="2"
	ProcessorClockFrequency="2900.12"
	>
	<Testing>
		<StartDateTime>Feb 28 19:53 GMT</StartDateTime>
		<StartTestTime>1772308394</StartTestTime>
		<TestList/>
		<EndDateTime>Feb 28 19:53 GMT</EndDateTime>
		<EndTestTime>1772308394</EndTestTime>
		<ElapsedMinutes>0</ElapsedMinutes>
	</Testing>
</Site>
